[19-Apr-2019 12:24:33 Europe/London] PHP Warning:  fopen(../data/saving.json): failed to open stream: Permission denied in D:\Dropbox\laragon\www\the-division-2-map\includes\write.php on line 116
[19-Apr-2019 12:25:22 Europe/London] PHP Fatal error:  Maximum execution time of 30 seconds exceeded in D:\Dropbox\laragon\www\the-division-2-map\includes\write.php on line 27
[19-Apr-2019 12:27:17 Europe/London] PHP Fatal error:  Maximum execution time of 30 seconds exceeded in D:\Dropbox\laragon\www\the-division-2-map\includes\write.php on line 27
[19-Apr-2019 12:27:47 Europe/London] PHP Fatal error:  Maximum execution time of 30 seconds exceeded in D:\Dropbox\laragon\www\the-division-2-map\includes\write.php on line 24
[19-Apr-2019 12:27:47 Europe/London] PHP Fatal error:  Maximum execution time of 30 seconds exceeded in D:\Dropbox\laragon\www\the-division-2-map\includes\db_connect.php on line 3
[19-Apr-2019 12:27:47 Europe/London] PHP Fatal error:  Maximum execution time of 30 seconds exceeded in D:\Dropbox\laragon\www\the-division-2-map\includes\write.php on line 22
[19-Apr-2019 12:28:26 Europe/London] PHP Fatal error:  Maximum execution time of 30 seconds exceeded in D:\Dropbox\laragon\www\the-division-2-map\includes\write.php on line 22
[19-Apr-2019 12:30:00 Europe/London] PHP Fatal error:  Maximum execution time of 30 seconds exceeded in D:\Dropbox\laragon\www\the-division-2-map\includes\write.php on line 22
[19-Apr-2019 13:01:20 Europe/London] PHP Warning:  fopen(../data/saving.json): failed to open stream: Permission denied in D:\Dropbox\laragon\www\the-division-2-map\includes\write.php on line 116
[19-Apr-2019 13:17:12 Europe/London] PHP Fatal error:  Maximum execution time of 30 seconds exceeded in D:\Dropbox\laragon\www\the-division-2-map\includes\write.php on line 27
[19-Apr-2019 17:26:08 Europe/London] PHP Warning:  fopen(../data/saving.json): failed to open stream: Permission denied in D:\Dropbox\laragon\www\the-division-2-map\includes\write.php on line 116
[19-Apr-2019 19:55:12 Europe/London] PHP Warning:  fopen(../data/saving.json): failed to open stream: Permission denied in D:\Dropbox\laragon\www\the-division-2-map\includes\write.php on line 116
[19-Apr-2019 20:19:45 Europe/London] PHP Fatal error:  Maximum execution time of 30 seconds exceeded in D:\Dropbox\laragon\www\the-division-2-map\includes\write.php on line 22
[19-Apr-2019 20:23:51 Europe/London] PHP Warning:  fopen(../data/saving.json): failed to open stream: Permission denied in D:\Dropbox\laragon\www\the-division-2-map\includes\write.php on line 116
[20-Apr-2019 15:56:59 Europe/London] PHP Warning:  fopen(../data/saving.json): failed to open stream: Permission denied in D:\Dropbox\laragon\www\the-division-2-map\includes\write.php on line 116
[20-Apr-2019 16:04:45 Europe/London] PHP Warning:  fopen(../data/saving.json): failed to open stream: Permission denied in D:\Dropbox\laragon\www\the-division-2-map\includes\write.php on line 116
[20-Apr-2019 18:49:21 Europe/London] PHP Warning:  fopen(../data/saving.json): failed to open stream: Permission denied in D:\Dropbox\laragon\www\the-division-2-map\includes\write.php on line 116
[20-Apr-2019 18:58:50 Europe/London] PHP Fatal error:  Maximum execution time of 30 seconds exceeded in D:\Dropbox\laragon\www\the-division-2-map\includes\write.php on line 24
[20-Apr-2019 18:59:20 Europe/London] PHP Fatal error:  Maximum execution time of 30 seconds exceeded in D:\Dropbox\laragon\www\the-division-2-map\includes\write.php on line 27
[20-Apr-2019 18:59:20 Europe/London] PHP Fatal error:  Maximum execution time of 30 seconds exceeded in D:\Dropbox\laragon\www\the-division-2-map\includes\session_start.php on line 7
[21-Apr-2019 11:14:38 Europe/London] PHP Warning:  fopen(../data/saving.json): failed to open stream: Permission denied in D:\Dropbox\laragon\www\the-division-2-map\includes\write.php on line 116
[21-Apr-2019 14:47:01 Europe/London] PHP Warning:  fopen(../data/saving.json): failed to open stream: Permission denied in D:\Dropbox\laragon\www\the-division-2-map\includes\write.php on line 116
[21-Apr-2019 14:49:04 Europe/London] PHP Fatal error:  Maximum execution time of 30 seconds exceeded in D:\Dropbox\laragon\www\the-division-2-map\includes\write.php on line 27
[06-May-2019 20:36:16 Europe/London] PHP Warning:  session_destroy(): Session object destruction failed in D:\Dropbox\laragon\www\the-division-2-map\includes\session_start.php on line 8
[12-May-2019 15:17:09 Europe/London] PHP Warning:  fopen(../data/Kraggle/complete.json): failed to open stream: Permission denied in D:\Dropbox\laragon\www\the-division-2-map\includes\write_complete.php on line 28
[12-May-2019 15:17:46 Europe/London] PHP Warning:  fopen(../data/Kraggle/complete.json): failed to open stream: Permission denied in D:\Dropbox\laragon\www\the-division-2-map\includes\write_complete.php on line 28
[12-May-2019 15:17:46 Europe/London] PHP Warning:  fopen(../data/Kraggle/complete.json): failed to open stream: Permission denied in D:\Dropbox\laragon\www\the-division-2-map\includes\write_complete.php on line 28
[12-May-2019 15:17:46 Europe/London] PHP Warning:  fopen(../data/Kraggle/complete.json): failed to open stream: Permission denied in D:\Dropbox\laragon\www\the-division-2-map\includes\write_complete.php on line 28
[12-May-2019 15:17:46 Europe/London] PHP Warning:  fopen(../data/Kraggle/complete.json): failed to open stream: Permission denied in D:\Dropbox\laragon\www\the-division-2-map\includes\write_complete.php on line 28
[12-May-2019 15:18:46 Europe/London] PHP Warning:  fopen(../data/Kraggle/complete.json): failed to open stream: Permission denied in D:\Dropbox\laragon\www\the-division-2-map\includes\write_complete.php on line 28
[12-May-2019 15:19:33 Europe/London] PHP Warning:  fopen(../data/Kraggle/complete.json): failed to open stream: Permission denied in D:\Dropbox\laragon\www\the-division-2-map\includes\write_complete.php on line 28
[12-May-2019 15:20:10 Europe/London] PHP Warning:  fopen(../data/Kraggle/complete.json): failed to open stream: Permission denied in D:\Dropbox\laragon\www\the-division-2-map\includes\write_complete.php on line 28
[12-May-2019 15:29:57 Europe/London] PHP Warning:  fopen(../data/Kraggle/complete.json): failed to open stream: Permission denied in D:\Dropbox\laragon\www\the-division-2-map\includes\write_complete.php on line 28
[12-May-2019 15:29:57 Europe/London] PHP Warning:  fopen(../data/Kraggle/complete.json): failed to open stream: Permission denied in D:\Dropbox\laragon\www\the-division-2-map\includes\write_complete.php on line 28
[12-May-2019 15:31:09 Europe/London] PHP Warning:  fopen(../data/Kraggle/complete.json): failed to open stream: Permission denied in D:\Dropbox\laragon\www\the-division-2-map\includes\write_complete.php on line 28
[12-May-2019 15:39:19 Europe/London] PHP Warning:  fopen(../data/Kraggle/complete.json): failed to open stream: Permission denied in D:\Dropbox\laragon\www\the-division-2-map\includes\write_complete.php on line 28
[12-May-2019 15:39:19 Europe/London] PHP Warning:  fopen(../data/Kraggle/complete.json): failed to open stream: Permission denied in D:\Dropbox\laragon\www\the-division-2-map\includes\write_complete.php on line 28
[12-May-2019 15:41:17 Europe/London] PHP Warning:  fopen(../data/Kraggle/complete.json): failed to open stream: Permission denied in D:\Dropbox\laragon\www\the-division-2-map\includes\write_complete.php on line 28
[12-May-2019 15:42:43 Europe/London] PHP Warning:  fopen(../data/Kraggle/complete.json): failed to open stream: Permission denied in D:\Dropbox\laragon\www\the-division-2-map\includes\write_complete.php on line 28
[12-May-2019 15:42:43 Europe/London] PHP Warning:  fopen(../data/Kraggle/complete.json): failed to open stream: Permission denied in D:\Dropbox\laragon\www\the-division-2-map\includes\write_complete.php on line 28
[12-May-2019 15:43:37 Europe/London] PHP Warning:  fopen(../data/Kraggle/complete.json): failed to open stream: Permission denied in D:\Dropbox\laragon\www\the-division-2-map\includes\write_complete.php on line 28
[12-May-2019 15:43:37 Europe/London] PHP Warning:  fopen(../data/Kraggle/complete.json): failed to open stream: Permission denied in D:\Dropbox\laragon\www\the-division-2-map\includes\write_complete.php on line 28
[12-May-2019 15:44:29 Europe/London] PHP Warning:  fopen(../data/Kraggle/complete.json): failed to open stream: Permission denied in D:\Dropbox\laragon\www\the-division-2-map\includes\write_complete.php on line 28
[12-May-2019 15:45:34 Europe/London] PHP Warning:  fopen(../data/Kraggle/complete.json): failed to open stream: Permission denied in D:\Dropbox\laragon\www\the-division-2-map\includes\write_complete.php on line 28
[12-May-2019 15:45:57 Europe/London] PHP Warning:  fopen(../data/Kraggle/complete.json): failed to open stream: Permission denied in D:\Dropbox\laragon\www\the-division-2-map\includes\write_complete.php on line 28
[12-May-2019 15:50:01 Europe/London] PHP Warning:  fopen(../data/Kraggle/complete.json): failed to open stream: Permission denied in D:\Dropbox\laragon\www\the-division-2-map\includes\write_complete.php on line 28
[12-May-2019 16:08:34 Europe/London] PHP Warning:  fopen(../data/Kraggle/complete.json): failed to open stream: Permission denied in D:\Dropbox\laragon\www\the-division-2-map\includes\write_complete.php on line 28
[12-May-2019 16:10:19 Europe/London] PHP Warning:  fopen(../data/Kraggle/complete.json): failed to open stream: Permission denied in D:\Dropbox\laragon\www\the-division-2-map\includes\write_complete.php on line 28
[12-May-2019 16:10:19 Europe/London] PHP Warning:  fopen(../data/Kraggle/complete.json): failed to open stream: Permission denied in D:\Dropbox\laragon\www\the-division-2-map\includes\write_complete.php on line 28
[12-May-2019 16:11:21 Europe/London] PHP Warning:  fopen(../data/Kraggle/complete.json): failed to open stream: Permission denied in D:\Dropbox\laragon\www\the-division-2-map\includes\write_complete.php on line 28
[12-May-2019 18:14:56 Europe/London] PHP Warning:  fopen(../data/Kraggle/complete.json): failed to open stream: Permission denied in D:\Dropbox\laragon\www\the-division-2-map\includes\write_complete.php on line 28
[12-May-2019 18:15:11 Europe/London] PHP Warning:  fopen(../data/Kraggle/complete.json): failed to open stream: Permission denied in D:\Dropbox\laragon\www\the-division-2-map\includes\write_complete.php on line 28
[12-May-2019 18:15:11 Europe/London] PHP Warning:  fopen(../data/Kraggle/complete.json): failed to open stream: Permission denied in D:\Dropbox\laragon\www\the-division-2-map\includes\write_complete.php on line 28
[12-May-2019 18:17:48 Europe/London] PHP Warning:  fopen(../data/Kraggle/complete.json): failed to open stream: Permission denied in D:\Dropbox\laragon\www\the-division-2-map\includes\write_complete.php on line 28
[12-May-2019 18:32:58 Europe/London] PHP Warning:  fopen(../data/Kraggle/complete.json): failed to open stream: Permission denied in D:\Dropbox\laragon\www\the-division-2-map\includes\write_complete.php on line 28
[12-May-2019 18:32:58 Europe/London] PHP Warning:  fopen(../data/Kraggle/complete.json): failed to open stream: Permission denied in D:\Dropbox\laragon\www\the-division-2-map\includes\write_complete.php on line 28
[12-May-2019 18:41:05 Europe/London] PHP Warning:  fopen(../data/Kraggle/complete.json): failed to open stream: Permission denied in D:\Dropbox\laragon\www\the-division-2-map\includes\write_complete.php on line 28
[12-May-2019 18:41:05 Europe/London] PHP Warning:  fopen(../data/Kraggle/complete.json): failed to open stream: Permission denied in D:\Dropbox\laragon\www\the-division-2-map\includes\write_complete.php on line 28
[12-May-2019 18:41:05 Europe/London] PHP Warning:  fopen(../data/Kraggle/complete.json): failed to open stream: Permission denied in D:\Dropbox\laragon\www\the-division-2-map\includes\write_complete.php on line 28
[12-May-2019 18:42:20 Europe/London] PHP Warning:  fopen(../data/Kraggle/complete.json): failed to open stream: Permission denied in D:\Dropbox\laragon\www\the-division-2-map\includes\write_complete.php on line 28
[12-May-2019 18:43:55 Europe/London] PHP Warning:  fopen(../data/Kraggle/complete.json): failed to open stream: Permission denied in D:\Dropbox\laragon\www\the-division-2-map\includes\write_complete.php on line 28
[12-May-2019 18:47:42 Europe/London] PHP Warning:  fopen(../data/Kraggle/complete.json): failed to open stream: Permission denied in D:\Dropbox\laragon\www\the-division-2-map\includes\write_complete.php on line 28
[12-May-2019 18:47:42 Europe/London] PHP Warning:  fopen(../data/Kraggle/complete.json): failed to open stream: Permission denied in D:\Dropbox\laragon\www\the-division-2-map\includes\write_complete.php on line 28
[12-May-2019 18:49:03 Europe/London] PHP Warning:  fopen(../data/Kraggle/complete.json): failed to open stream: Permission denied in D:\Dropbox\laragon\www\the-division-2-map\includes\write_complete.php on line 28
[12-May-2019 18:50:49 Europe/London] PHP Warning:  fopen(../data/Kraggle/complete.json): failed to open stream: Permission denied in D:\Dropbox\laragon\www\the-division-2-map\includes\write_complete.php on line 28
[12-May-2019 18:52:48 Europe/London] PHP Warning:  fopen(../data/Kraggle/complete.json): failed to open stream: Permission denied in D:\Dropbox\laragon\www\the-division-2-map\includes\write_complete.php on line 28
[12-May-2019 18:57:00 Europe/London] PHP Warning:  fopen(../data/Kraggle/complete.json): failed to open stream: Permission denied in D:\Dropbox\laragon\www\the-division-2-map\includes\write_complete.php on line 28
[12-May-2019 18:57:00 Europe/London] PHP Warning:  fopen(../data/Kraggle/complete.json): failed to open stream: Permission denied in D:\Dropbox\laragon\www\the-division-2-map\includes\write_complete.php on line 28
[12-May-2019 19:10:07 Europe/London] PHP Warning:  fopen(../data/Kraggle/complete.json): failed to open stream: Permission denied in D:\Dropbox\laragon\www\the-division-2-map\includes\write_complete.php on line 28
[12-May-2019 19:10:07 Europe/London] PHP Warning:  fopen(../data/Kraggle/complete.json): failed to open stream: Permission denied in D:\Dropbox\laragon\www\the-division-2-map\includes\write_complete.php on line 28
[12-May-2019 20:00:50 Europe/London] PHP Warning:  fopen(../data/Kraggle/complete.json): failed to open stream: Permission denied in D:\Dropbox\laragon\www\the-division-2-map\includes\write_complete.php on line 28
[12-May-2019 20:04:46 Europe/London] PHP Warning:  fopen(../data/Kraggle/complete.json): failed to open stream: Permission denied in D:\Dropbox\laragon\www\the-division-2-map\includes\write_complete.php on line 28
[12-May-2019 20:15:08 Europe/London] PHP Warning:  fopen(../data/Kraggle/complete.json): failed to open stream: Permission denied in D:\Dropbox\laragon\www\the-division-2-map\includes\write_complete.php on line 28
[12-May-2019 20:15:08 Europe/London] PHP Warning:  fopen(../data/Kraggle/complete.json): failed to open stream: Permission denied in D:\Dropbox\laragon\www\the-division-2-map\includes\write_complete.php on line 28
[12-May-2019 20:15:08 Europe/London] PHP Warning:  fopen(../data/Kraggle/complete.json): failed to open stream: Permission denied in D:\Dropbox\laragon\www\the-division-2-map\includes\write_complete.php on line 28
[12-May-2019 20:24:52 Europe/London] PHP Warning:  fopen(../data/Kraggle/complete.json): failed to open stream: Permission denied in D:\Dropbox\laragon\www\the-division-2-map\includes\write_complete.php on line 28
[12-May-2019 20:26:52 Europe/London] PHP Warning:  fopen(../data/Kraggle/complete.json): failed to open stream: Permission denied in D:\Dropbox\laragon\www\the-division-2-map\includes\write_complete.php on line 28
[12-May-2019 20:26:52 Europe/London] PHP Warning:  fopen(../data/Kraggle/complete.json): failed to open stream: Permission denied in D:\Dropbox\laragon\www\the-division-2-map\includes\write_complete.php on line 28
[12-May-2019 20:26:52 Europe/London] PHP Warning:  fopen(../data/Kraggle/complete.json): failed to open stream: Permission denied in D:\Dropbox\laragon\www\the-division-2-map\includes\write_complete.php on line 28
[12-May-2019 20:27:03 Europe/London] PHP Warning:  fopen(../data/Kraggle/complete.json): failed to open stream: Permission denied in D:\Dropbox\laragon\www\the-division-2-map\includes\write_complete.php on line 28
[12-May-2019 20:27:04 Europe/London] PHP Warning:  fopen(../data/Kraggle/complete.json): failed to open stream: Permission denied in D:\Dropbox\laragon\www\the-division-2-map\includes\write_complete.php on line 28
[12-May-2019 20:28:06 Europe/London] PHP Warning:  fopen(../data/Kraggle/complete.json): failed to open stream: Permission denied in D:\Dropbox\laragon\www\the-division-2-map\includes\write_complete.php on line 28
[12-May-2019 20:28:06 Europe/London] PHP Warning:  fopen(../data/Kraggle/complete.json): failed to open stream: Permission denied in D:\Dropbox\laragon\www\the-division-2-map\includes\write_complete.php on line 28
[12-May-2019 20:48:40 Europe/London] PHP Warning:  fopen(../data/Kraggle/complete.json): failed to open stream: Permission denied in D:\Dropbox\laragon\www\the-division-2-map\includes\write_complete.php on line 28
[12-May-2019 20:51:06 Europe/London] PHP Warning:  fopen(../data/Kraggle/complete.json): failed to open stream: Permission denied in D:\Dropbox\laragon\www\the-division-2-map\includes\write_complete.php on line 28
[12-May-2019 20:52:16 Europe/London] PHP Warning:  fopen(../data/Kraggle/complete.json): failed to open stream: Permission denied in D:\Dropbox\laragon\www\the-division-2-map\includes\write_complete.php on line 28
[12-May-2019 20:53:21 Europe/London] PHP Warning:  fopen(../data/Kraggle/complete.json): failed to open stream: Permission denied in D:\Dropbox\laragon\www\the-division-2-map\includes\write_complete.php on line 28
[12-May-2019 21:42:09 Europe/London] PHP Warning:  fopen(../data/Kraggle/complete.json): failed to open stream: Permission denied in D:\Dropbox\laragon\www\the-division-2-map\includes\write_complete.php on line 28
[12-May-2019 21:55:06 Europe/London] PHP Warning:  fopen(../data/Kraggle/complete.json): failed to open stream: Permission denied in D:\Dropbox\laragon\www\the-division-2-map\includes\write_complete.php on line 28
[12-May-2019 21:55:06 Europe/London] PHP Warning:  fopen(../data/Kraggle/complete.json): failed to open stream: Permission denied in D:\Dropbox\laragon\www\the-division-2-map\includes\write_complete.php on line 28
[12-May-2019 21:55:06 Europe/London] PHP Warning:  fopen(../data/Kraggle/complete.json): failed to open stream: Permission denied in D:\Dropbox\laragon\www\the-division-2-map\includes\write_complete.php on line 28
[12-May-2019 21:57:18 Europe/London] PHP Warning:  fopen(../data/Kraggle/complete.json): failed to open stream: Permission denied in D:\Dropbox\laragon\www\the-division-2-map\includes\write_complete.php on line 28
[12-May-2019 21:58:07 Europe/London] PHP Warning:  fopen(../data/Kraggle/complete.json): failed to open stream: Permission denied in D:\Dropbox\laragon\www\the-division-2-map\includes\write_complete.php on line 28
[12-May-2019 22:10:37 Europe/London] PHP Warning:  fopen(../data/Kraggle/complete.json): failed to open stream: Permission denied in D:\Dropbox\laragon\www\the-division-2-map\includes\write_complete.php on line 28
[12-May-2019 22:10:47 Europe/London] PHP Warning:  fopen(../data/Kraggle/complete.json): failed to open stream: Permission denied in D:\Dropbox\laragon\www\the-division-2-map\includes\write_complete.php on line 28
[12-May-2019 22:10:47 Europe/London] PHP Warning:  fopen(../data/Kraggle/complete.json): failed to open stream: Permission denied in D:\Dropbox\laragon\www\the-division-2-map\includes\write_complete.php on line 28
[12-May-2019 22:11:38 Europe/London] PHP Warning:  fopen(../data/Kraggle/complete.json): failed to open stream: Permission denied in D:\Dropbox\laragon\www\the-division-2-map\includes\write_complete.php on line 28
[12-May-2019 22:11:38 Europe/London] PHP Warning:  fopen(../data/Kraggle/complete.json): failed to open stream: Permission denied in D:\Dropbox\laragon\www\the-division-2-map\includes\write_complete.php on line 28
[12-May-2019 22:11:59 Europe/London] PHP Warning:  fopen(../data/Kraggle/complete.json): failed to open stream: Permission denied in D:\Dropbox\laragon\www\the-division-2-map\includes\write_complete.php on line 28
[12-May-2019 22:14:50 Europe/London] PHP Warning:  fopen(../data/Kraggle/complete.json): failed to open stream: Permission denied in D:\Dropbox\laragon\www\the-division-2-map\includes\write_complete.php on line 28
[12-May-2019 22:16:02 Europe/London] PHP Warning:  fopen(../data/Kraggle/complete.json): failed to open stream: Permission denied in D:\Dropbox\laragon\www\the-division-2-map\includes\write_complete.php on line 28
[12-May-2019 22:17:09 Europe/London] PHP Warning:  fopen(../data/Kraggle/complete.json): failed to open stream: Permission denied in D:\Dropbox\laragon\www\the-division-2-map\includes\write_complete.php on line 28
[12-May-2019 22:21:28 Europe/London] PHP Warning:  fopen(../data/Kraggle/complete.json): failed to open stream: Permission denied in D:\Dropbox\laragon\www\the-division-2-map\includes\write_complete.php on line 28
[12-May-2019 22:21:28 Europe/London] PHP Warning:  fopen(../data/Kraggle/complete.json): failed to open stream: Permission denied in D:\Dropbox\laragon\www\the-division-2-map\includes\write_complete.php on line 28
[12-May-2019 22:21:28 Europe/London] PHP Warning:  fopen(../data/Kraggle/complete.json): failed to open stream: Permission denied in D:\Dropbox\laragon\www\the-division-2-map\includes\write_complete.php on line 28
[12-May-2019 22:34:11 Europe/London] PHP Warning:  fopen(../data/Kraggle/complete.json): failed to open stream: Permission denied in D:\Dropbox\laragon\www\the-division-2-map\includes\write_complete.php on line 28
[12-May-2019 22:34:11 Europe/London] PHP Warning:  fopen(../data/Kraggle/complete.json): failed to open stream: Permission denied in D:\Dropbox\laragon\www\the-division-2-map\includes\write_complete.php on line 28
[12-May-2019 22:35:40 Europe/London] PHP Warning:  fopen(../data/Kraggle/complete.json): failed to open stream: Permission denied in D:\Dropbox\laragon\www\the-division-2-map\includes\write_complete.php on line 28
[12-May-2019 22:35:40 Europe/London] PHP Warning:  fopen(../data/Kraggle/complete.json): failed to open stream: Permission denied in D:\Dropbox\laragon\www\the-division-2-map\includes\write_complete.php on line 28
[12-May-2019 23:02:37 Europe/London] PHP Warning:  fopen(../data/Kraggle/complete.json): failed to open stream: Permission denied in D:\Dropbox\laragon\www\the-division-2-map\includes\write_complete.php on line 28
[12-May-2019 23:05:56 Europe/London] PHP Warning:  fopen(../data/Kraggle/complete.json): failed to open stream: Permission denied in D:\Dropbox\laragon\www\the-division-2-map\includes\write_complete.php on line 28
[12-May-2019 23:06:24 Europe/London] PHP Warning:  fopen(../data/Kraggle/complete.json): failed to open stream: Permission denied in D:\Dropbox\laragon\www\the-division-2-map\includes\write_complete.php on line 28
[12-May-2019 23:06:24 Europe/London] PHP Warning:  fopen(../data/Kraggle/complete.json): failed to open stream: Permission denied in D:\Dropbox\laragon\www\the-division-2-map\includes\write_complete.php on line 28
[12-May-2019 23:10:41 Europe/London] PHP Warning:  fopen(../data/Kraggle/complete.json): failed to open stream: Permission denied in D:\Dropbox\laragon\www\the-division-2-map\includes\write_complete.php on line 28
[12-May-2019 23:10:41 Europe/London] PHP Warning:  fopen(../data/Kraggle/complete.json): failed to open stream: Permission denied in D:\Dropbox\laragon\www\the-division-2-map\includes\write_complete.php on line 28
[12-May-2019 23:10:51 Europe/London] PHP Warning:  fopen(../data/Kraggle/complete.json): failed to open stream: Permission denied in D:\Dropbox\laragon\www\the-division-2-map\includes\write_complete.php on line 28
[13-May-2019 11:11:31 Europe/London] PHP Warning:  fopen(../data/Kraggle/complete.json): failed to open stream: Permission denied in D:\Dropbox\laragon\www\the-division-2-map\includes\write_complete.php on line 28
[13-May-2019 11:16:14 Europe/London] PHP Warning:  fopen(../data/Kraggle/complete.json): failed to open stream: Permission denied in D:\Dropbox\laragon\www\the-division-2-map\includes\write_complete.php on line 28
[13-May-2019 11:16:15 Europe/London] PHP Warning:  fopen(../data/Kraggle/complete.json): failed to open stream: Permission denied in D:\Dropbox\laragon\www\the-division-2-map\includes\write_complete.php on line 28
[13-May-2019 11:16:15 Europe/London] PHP Warning:  fopen(../data/Kraggle/complete.json): failed to open stream: Permission denied in D:\Dropbox\laragon\www\the-division-2-map\includes\write_complete.php on line 28
[13-May-2019 12:14:19 Europe/London] PHP Warning:  fopen(../data/Kraggle/complete.json): failed to open stream: Permission denied in D:\Dropbox\laragon\www\the-division-2-map\includes\write_complete.php on line 28
[13-May-2019 12:41:27 Europe/London] PHP Warning:  fopen(../data/Kraggle/complete.json): failed to open stream: Permission denied in D:\Dropbox\laragon\www\the-division-2-map\includes\write_complete.php on line 28
[13-May-2019 12:41:45 Europe/London] PHP Warning:  fopen(../data/Kraggle/complete.json): failed to open stream: Permission denied in D:\Dropbox\laragon\www\the-division-2-map\includes\write_complete.php on line 28
[13-May-2019 12:43:31 Europe/London] PHP Warning:  fopen(../data/Kraggle/complete.json): failed to open stream: Permission denied in D:\Dropbox\laragon\www\the-division-2-map\includes\write_complete.php on line 28
[13-May-2019 12:43:31 Europe/London] PHP Warning:  fopen(../data/Kraggle/complete.json): failed to open stream: Permission denied in D:\Dropbox\laragon\www\the-division-2-map\includes\write_complete.php on line 28
[13-May-2019 12:46:11 Europe/London] PHP Warning:  fopen(../data/Kraggle/complete.json): failed to open stream: Permission denied in D:\Dropbox\laragon\www\the-division-2-map\includes\write_complete.php on line 28
[13-May-2019 12:46:11 Europe/London] PHP Warning:  fopen(../data/Kraggle/complete.json): failed to open stream: Permission denied in D:\Dropbox\laragon\www\the-division-2-map\includes\write_complete.php on line 28
[13-May-2019 12:46:12 Europe/London] PHP Warning:  fopen(../data/Kraggle/complete.json): failed to open stream: Permission denied in D:\Dropbox\laragon\www\the-division-2-map\includes\write_complete.php on line 28
[13-May-2019 13:05:39 Europe/London] PHP Warning:  fopen(../data/Kraggle/complete.json): failed to open stream: Permission denied in D:\Dropbox\laragon\www\the-division-2-map\includes\write_complete.php on line 28
[13-May-2019 13:11:50 Europe/London] PHP Warning:  fopen(../data/Kraggle/complete.json): failed to open stream: Permission denied in D:\Dropbox\laragon\www\the-division-2-map\includes\write_complete.php on line 28
[13-May-2019 13:15:03 Europe/London] PHP Warning:  fopen(../data/Kraggle/complete.json): failed to open stream: Permission denied in D:\Dropbox\laragon\www\the-division-2-map\includes\write_complete.php on line 28
[13-May-2019 13:15:03 Europe/London] PHP Warning:  fopen(../data/Kraggle/complete.json): failed to open stream: Permission denied in D:\Dropbox\laragon\www\the-division-2-map\includes\write_complete.php on line 28
[13-May-2019 13:15:03 Europe/London] PHP Warning:  fopen(../data/Kraggle/complete.json): failed to open stream: Permission denied in D:\Dropbox\laragon\www\the-division-2-map\includes\write_complete.php on line 28
[13-May-2019 13:15:04 Europe/London] PHP Warning:  fopen(../data/Kraggle/complete.json): failed to open stream: Permission denied in D:\Dropbox\laragon\www\the-division-2-map\includes\write_complete.php on line 28
[13-May-2019 13:17:07 Europe/London] PHP Warning:  fopen(../data/Kraggle/complete.json): failed to open stream: Permission denied in D:\Dropbox\laragon\www\the-division-2-map\includes\write_complete.php on line 28
[13-May-2019 13:17:07 Europe/London] PHP Warning:  fopen(../data/Kraggle/complete.json): failed to open stream: Permission denied in D:\Dropbox\laragon\www\the-division-2-map\includes\write_complete.php on line 28
[13-May-2019 13:17:08 Europe/London] PHP Warning:  fopen(../data/Kraggle/complete.json): failed to open stream: Permission denied in D:\Dropbox\laragon\www\the-division-2-map\includes\write_complete.php on line 28
[13-May-2019 13:17:58 Europe/London] PHP Warning:  fopen(../data/Kraggle/complete.json): failed to open stream: Permission denied in D:\Dropbox\laragon\www\the-division-2-map\includes\write_complete.php on line 28
[13-May-2019 13:23:43 Europe/London] PHP Warning:  fopen(../data/Kraggle/complete.json): failed to open stream: Permission denied in D:\Dropbox\laragon\www\the-division-2-map\includes\write_complete.php on line 28
[13-May-2019 13:23:53 Europe/London] PHP Warning:  fopen(../data/Kraggle/complete.json): failed to open stream: Permission denied in D:\Dropbox\laragon\www\the-division-2-map\includes\write_complete.php on line 28
[13-May-2019 13:23:53 Europe/London] PHP Warning:  fopen(../data/Kraggle/complete.json): failed to open stream: Permission denied in D:\Dropbox\laragon\www\the-division-2-map\includes\write_complete.php on line 28
[13-May-2019 14:59:41 Europe/London] PHP Warning:  fopen(../data/Kraggle/complete.json): failed to open stream: Permission denied in D:\Dropbox\laragon\www\the-division-2-map\includes\write_complete.php on line 28
[13-May-2019 15:36:09 Europe/London] PHP Warning:  fopen(../data/Kraggle/complete.json): failed to open stream: Permission denied in D:\Dropbox\laragon\www\the-division-2-map\includes\write_complete.php on line 28
[13-May-2019 15:36:09 Europe/London] PHP Warning:  fopen(../data/Kraggle/complete.json): failed to open stream: Permission denied in D:\Dropbox\laragon\www\the-division-2-map\includes\write_complete.php on line 28
[13-May-2019 16:41:29 Europe/London] PHP Warning:  fopen(../data/Kraggle/complete.json): failed to open stream: Permission denied in D:\Dropbox\laragon\www\the-division-2-map\includes\write_complete.php on line 28
[13-May-2019 16:44:55 Europe/London] PHP Warning:  fopen(../data/Kraggle/complete.json): failed to open stream: Permission denied in D:\Dropbox\laragon\www\the-division-2-map\includes\write_complete.php on line 28
[13-May-2019 17:00:10 Europe/London] PHP Warning:  fopen(../data/Kraggle/complete.json): failed to open stream: Permission denied in D:\Dropbox\laragon\www\the-division-2-map\includes\write_complete.php on line 28
[13-May-2019 17:01:12 Europe/London] PHP Warning:  fopen(../data/Kraggle/complete.json): failed to open stream: Permission denied in D:\Dropbox\laragon\www\the-division-2-map\includes\write_complete.php on line 28
[13-May-2019 17:27:26 Europe/London] PHP Warning:  fopen(../data/Kraggle/complete.json): failed to open stream: Permission denied in D:\Dropbox\laragon\www\the-division-2-map\includes\write_complete.php on line 28
[13-May-2019 17:35:25 Europe/London] PHP Warning:  fopen(../data/Kraggle/complete.json): failed to open stream: Permission denied in D:\Dropbox\laragon\www\the-division-2-map\includes\write_complete.php on line 28
[13-May-2019 17:37:14 Europe/London] PHP Warning:  fopen(../data/Kraggle/complete.json): failed to open stream: Permission denied in D:\Dropbox\laragon\www\the-division-2-map\includes\write_complete.php on line 28
[13-May-2019 17:43:26 Europe/London] PHP Warning:  fopen(../data/Kraggle/complete.json): failed to open stream: Permission denied in D:\Dropbox\laragon\www\the-division-2-map\includes\write_complete.php on line 28
[13-May-2019 17:44:23 Europe/London] PHP Warning:  fopen(../data/Kraggle/complete.json): failed to open stream: Permission denied in D:\Dropbox\laragon\www\the-division-2-map\includes\write_complete.php on line 28
[13-May-2019 17:44:23 Europe/London] PHP Warning:  fopen(../data/Kraggle/complete.json): failed to open stream: Permission denied in D:\Dropbox\laragon\www\the-division-2-map\includes\write_complete.php on line 28
[13-May-2019 17:50:00 Europe/London] PHP Warning:  fopen(../data/Kraggle/complete.json): failed to open stream: Permission denied in D:\Dropbox\laragon\www\the-division-2-map\includes\write_complete.php on line 28
[13-May-2019 17:50:00 Europe/London] PHP Warning:  fopen(../data/Kraggle/complete.json): failed to open stream: Permission denied in D:\Dropbox\laragon\www\the-division-2-map\includes\write_complete.php on line 28
[13-May-2019 17:56:58 Europe/London] PHP Warning:  fopen(../data/Kraggle/complete.json): failed to open stream: Permission denied in D:\Dropbox\laragon\www\the-division-2-map\includes\write_complete.php on line 28
[13-May-2019 17:56:58 Europe/London] PHP Warning:  fopen(../data/Kraggle/complete.json): failed to open stream: Permission denied in D:\Dropbox\laragon\www\the-division-2-map\includes\write_complete.php on line 28
[13-May-2019 18:10:27 Europe/London] PHP Warning:  fopen(../data/Kraggle/complete.json): failed to open stream: Permission denied in D:\Dropbox\laragon\www\the-division-2-map\includes\write_complete.php on line 28
[13-May-2019 18:11:43 Europe/London] PHP Warning:  fopen(../data/Kraggle/complete.json): failed to open stream: Permission denied in D:\Dropbox\laragon\www\the-division-2-map\includes\write_complete.php on line 28
[13-May-2019 18:12:32 Europe/London] PHP Warning:  fopen(../data/Kraggle/complete.json): failed to open stream: Permission denied in D:\Dropbox\laragon\www\the-division-2-map\includes\write_complete.php on line 28
[13-May-2019 18:13:13 Europe/London] PHP Warning:  fopen(../data/Kraggle/complete.json): failed to open stream: Permission denied in D:\Dropbox\laragon\www\the-division-2-map\includes\write_complete.php on line 28
[13-May-2019 18:13:14 Europe/London] PHP Warning:  fopen(../data/Kraggle/complete.json): failed to open stream: Permission denied in D:\Dropbox\laragon\www\the-division-2-map\includes\write_complete.php on line 28
[13-May-2019 18:17:38 Europe/London] PHP Warning:  fopen(../data/Kraggle/complete.json): failed to open stream: Permission denied in D:\Dropbox\laragon\www\the-division-2-map\includes\write_complete.php on line 28
[13-May-2019 18:25:40 Europe/London] PHP Warning:  fopen(../data/Kraggle/complete.json): failed to open stream: Permission denied in D:\Dropbox\laragon\www\the-division-2-map\includes\write_complete.php on line 28
[13-May-2019 18:25:41 Europe/London] PHP Warning:  fopen(../data/Kraggle/complete.json): failed to open stream: Permission denied in D:\Dropbox\laragon\www\the-division-2-map\includes\write_complete.php on line 28
[13-May-2019 18:25:41 Europe/London] PHP Warning:  fopen(../data/Kraggle/complete.json): failed to open stream: Permission denied in D:\Dropbox\laragon\www\the-division-2-map\includes\write_complete.php on line 28
[13-May-2019 18:26:31 Europe/London] PHP Warning:  fopen(../data/Kraggle/complete.json): failed to open stream: Permission denied in D:\Dropbox\laragon\www\the-division-2-map\includes\write_complete.php on line 28
[13-May-2019 18:28:10 Europe/London] PHP Warning:  fopen(../data/Kraggle/complete.json): failed to open stream: Permission denied in D:\Dropbox\laragon\www\the-division-2-map\includes\write_complete.php on line 28
[13-May-2019 18:42:10 Europe/London] PHP Warning:  fopen(../data/Kraggle/complete.json): failed to open stream: Permission denied in D:\Dropbox\laragon\www\the-division-2-map\includes\write_complete.php on line 28
[13-May-2019 18:43:46 Europe/London] PHP Warning:  fopen(../data/Kraggle/complete.json): failed to open stream: Permission denied in D:\Dropbox\laragon\www\the-division-2-map\includes\write_complete.php on line 28
[13-May-2019 18:45:07 Europe/London] PHP Warning:  fopen(../data/Kraggle/complete.json): failed to open stream: Permission denied in D:\Dropbox\laragon\www\the-division-2-map\includes\write_complete.php on line 28
[13-May-2019 18:45:57 Europe/London] PHP Warning:  fopen(../data/Kraggle/complete.json): failed to open stream: Permission denied in D:\Dropbox\laragon\www\the-division-2-map\includes\write_complete.php on line 28
[13-May-2019 18:47:10 Europe/London] PHP Warning:  fopen(../data/Kraggle/complete.json): failed to open stream: Permission denied in D:\Dropbox\laragon\www\the-division-2-map\includes\write_complete.php on line 28
[13-May-2019 18:47:25 Europe/London] PHP Warning:  fopen(../data/Kraggle/complete.json): failed to open stream: Permission denied in D:\Dropbox\laragon\www\the-division-2-map\includes\write_complete.php on line 28
[13-May-2019 18:51:30 Europe/London] PHP Warning:  fopen(../data/Kraggle/complete.json): failed to open stream: Permission denied in D:\Dropbox\laragon\www\the-division-2-map\includes\write_complete.php on line 28
[13-May-2019 18:51:30 Europe/London] PHP Warning:  fopen(../data/Kraggle/complete.json): failed to open stream: Permission denied in D:\Dropbox\laragon\www\the-division-2-map\includes\write_complete.php on line 28
[13-May-2019 18:54:00 Europe/London] PHP Warning:  fopen(../data/Kraggle/complete.json): failed to open stream: Permission denied in D:\Dropbox\laragon\www\the-division-2-map\includes\write_complete.php on line 28
[13-May-2019 18:54:00 Europe/London] PHP Warning:  fopen(../data/Kraggle/complete.json): failed to open stream: Permission denied in D:\Dropbox\laragon\www\the-division-2-map\includes\write_complete.php on line 28
[13-May-2019 18:55:19 Europe/London] PHP Warning:  fopen(../data/Kraggle/complete.json): failed to open stream: Permission denied in D:\Dropbox\laragon\www\the-division-2-map\includes\write_complete.php on line 28
[13-May-2019 19:10:42 Europe/London] PHP Warning:  fopen(../data/Kraggle/complete.json): failed to open stream: Permission denied in D:\Dropbox\laragon\www\the-division-2-map\includes\write_complete.php on line 28
[13-May-2019 19:11:25 Europe/London] PHP Warning:  fopen(../data/Kraggle/complete.json): failed to open stream: Permission denied in D:\Dropbox\laragon\www\the-division-2-map\includes\write_complete.php on line 28
[13-May-2019 19:14:13 Europe/London] PHP Warning:  fopen(../data/Kraggle/complete.json): failed to open stream: Permission denied in D:\Dropbox\laragon\www\the-division-2-map\includes\write_complete.php on line 28
[13-May-2019 19:15:30 Europe/London] PHP Warning:  fopen(../data/Kraggle/complete.json): failed to open stream: Permission denied in D:\Dropbox\laragon\www\the-division-2-map\includes\write_complete.php on line 28
[13-May-2019 19:26:07 Europe/London] PHP Warning:  fopen(../data/Kraggle/complete.json): failed to open stream: Permission denied in D:\Dropbox\laragon\www\the-division-2-map\includes\write_complete.php on line 28
[13-May-2019 19:42:39 Europe/London] PHP Warning:  fopen(../data/Kraggle/complete.json): failed to open stream: Permission denied in D:\Dropbox\laragon\www\the-division-2-map\includes\write_complete.php on line 28
[13-May-2019 19:42:39 Europe/London] PHP Warning:  fopen(../data/Kraggle/complete.json): failed to open stream: Permission denied in D:\Dropbox\laragon\www\the-division-2-map\includes\write_complete.php on line 28
[13-May-2019 19:43:25 Europe/London] PHP Warning:  fopen(../data/Kraggle/complete.json): failed to open stream: Permission denied in D:\Dropbox\laragon\www\the-division-2-map\includes\write_complete.php on line 28
[13-May-2019 19:43:26 Europe/London] PHP Warning:  fopen(../data/Kraggle/complete.json): failed to open stream: Permission denied in D:\Dropbox\laragon\www\the-division-2-map\includes\write_complete.php on line 28
[13-May-2019 19:43:26 Europe/London] PHP Warning:  fopen(../data/Kraggle/complete.json): failed to open stream: Permission denied in D:\Dropbox\laragon\www\the-division-2-map\includes\write_complete.php on line 28
[13-May-2019 19:43:57 Europe/London] PHP Warning:  fopen(../data/Kraggle/complete.json): failed to open stream: Permission denied in D:\Dropbox\laragon\www\the-division-2-map\includes\write_complete.php on line 28
[13-May-2019 19:43:58 Europe/London] PHP Warning:  fopen(../data/Kraggle/complete.json): failed to open stream: Permission denied in D:\Dropbox\laragon\www\the-division-2-map\includes\write_complete.php on line 28
[13-May-2019 19:45:34 Europe/London] PHP Warning:  fopen(../data/Kraggle/complete.json): failed to open stream: Permission denied in D:\Dropbox\laragon\www\the-division-2-map\includes\write_complete.php on line 28
[13-May-2019 19:45:34 Europe/London] PHP Warning:  fopen(../data/Kraggle/complete.json): failed to open stream: Permission denied in D:\Dropbox\laragon\www\the-division-2-map\includes\write_complete.php on line 28
[13-May-2019 19:45:34 Europe/London] PHP Warning:  fopen(../data/Kraggle/complete.json): failed to open stream: Permission denied in D:\Dropbox\laragon\www\the-division-2-map\includes\write_complete.php on line 28
[13-May-2019 19:50:00 Europe/London] PHP Warning:  fopen(../data/Kraggle/complete.json): failed to open stream: Permission denied in D:\Dropbox\laragon\www\the-division-2-map\includes\write_complete.php on line 28
[13-May-2019 19:50:13 Europe/London] PHP Warning:  fopen(../data/Kraggle/complete.json): failed to open stream: Permission denied in D:\Dropbox\laragon\www\the-division-2-map\includes\write_complete.php on line 28
[13-May-2019 19:50:13 Europe/London] PHP Warning:  fopen(../data/Kraggle/complete.json): failed to open stream: Permission denied in D:\Dropbox\laragon\www\the-division-2-map\includes\write_complete.php on line 28
[13-May-2019 19:57:38 Europe/London] PHP Warning:  fopen(../data/Kraggle/complete.json): failed to open stream: Permission denied in D:\Dropbox\laragon\www\the-division-2-map\includes\write_complete.php on line 28
[13-May-2019 19:57:38 Europe/London] PHP Warning:  fopen(../data/Kraggle/complete.json): failed to open stream: Permission denied in D:\Dropbox\laragon\www\the-division-2-map\includes\write_complete.php on line 28
[13-May-2019 19:57:57 Europe/London] PHP Warning:  fopen(../data/Kraggle/complete.json): failed to open stream: Permission denied in D:\Dropbox\laragon\www\the-division-2-map\includes\write_complete.php on line 28
[13-May-2019 19:58:05 Europe/London] PHP Warning:  fopen(../data/Kraggle/complete.json): failed to open stream: Permission denied in D:\Dropbox\laragon\www\the-division-2-map\includes\write_complete.php on line 28
[13-May-2019 19:58:06 Europe/London] PHP Warning:  fopen(../data/Kraggle/complete.json): failed to open stream: Permission denied in D:\Dropbox\laragon\www\the-division-2-map\includes\write_complete.php on line 28
[13-May-2019 19:58:16 Europe/London] PHP Warning:  fopen(../data/Kraggle/complete.json): failed to open stream: Permission denied in D:\Dropbox\laragon\www\the-division-2-map\includes\write_complete.php on line 28
[13-May-2019 19:58:17 Europe/London] PHP Warning:  fopen(../data/Kraggle/complete.json): failed to open stream: Permission denied in D:\Dropbox\laragon\www\the-division-2-map\includes\write_complete.php on line 28
[13-May-2019 19:58:21 Europe/London] PHP Warning:  fopen(../data/Kraggle/complete.json): failed to open stream: Permission denied in D:\Dropbox\laragon\www\the-division-2-map\includes\write_complete.php on line 28
[13-May-2019 19:58:25 Europe/London] PHP Warning:  fopen(../data/Kraggle/complete.json): failed to open stream: Permission denied in D:\Dropbox\laragon\www\the-division-2-map\includes\write_complete.php on line 28
[13-May-2019 19:59:41 Europe/London] PHP Warning:  fopen(../data/Kraggle/complete.json): failed to open stream: Permission denied in D:\Dropbox\laragon\www\the-division-2-map\includes\write_complete.php on line 28
[13-May-2019 19:59:49 Europe/London] PHP Warning:  fopen(../data/Kraggle/complete.json): failed to open stream: Permission denied in D:\Dropbox\laragon\www\the-division-2-map\includes\write_complete.php on line 28
[13-May-2019 19:59:49 Europe/London] PHP Warning:  fopen(../data/Kraggle/complete.json): failed to open stream: Permission denied in D:\Dropbox\laragon\www\the-division-2-map\includes\write_complete.php on line 28
[13-May-2019 19:59:49 Europe/London] PHP Warning:  fopen(../data/Kraggle/complete.json): failed to open stream: Permission denied in D:\Dropbox\laragon\www\the-division-2-map\includes\write_complete.php on line 28
[13-May-2019 19:59:54 Europe/London] PHP Warning:  fopen(../data/Kraggle/complete.json): failed to open stream: Permission denied in D:\Dropbox\laragon\www\the-division-2-map\includes\write_complete.php on line 28
[13-May-2019 19:59:54 Europe/London] PHP Warning:  fopen(../data/Kraggle/complete.json): failed to open stream: Permission denied in D:\Dropbox\laragon\www\the-division-2-map\includes\write_complete.php on line 28
[13-May-2019 19:59:55 Europe/London] PHP Warning:  fopen(../data/Kraggle/complete.json): failed to open stream: Permission denied in D:\Dropbox\laragon\www\the-division-2-map\includes\write_complete.php on line 28
[13-May-2019 19:59:55 Europe/London] PHP Warning:  fopen(../data/Kraggle/complete.json): failed to open stream: Permission denied in D:\Dropbox\laragon\www\the-division-2-map\includes\write_complete.php on line 28
[13-May-2019 19:59:55 Europe/London] PHP Warning:  fopen(../data/Kraggle/complete.json): failed to open stream: Permission denied in D:\Dropbox\laragon\www\the-division-2-map\includes\write_complete.php on line 28
[13-May-2019 20:00:02 Europe/London] PHP Warning:  fopen(../data/Kraggle/complete.json): failed to open stream: Permission denied in D:\Dropbox\laragon\www\the-division-2-map\includes\write_complete.php on line 28
[13-May-2019 20:00:02 Europe/London] PHP Warning:  fopen(../data/Kraggle/complete.json): failed to open stream: Permission denied in D:\Dropbox\laragon\www\the-division-2-map\includes\write_complete.php on line 28
[13-May-2019 20:00:03 Europe/London] PHP Warning:  fopen(../data/Kraggle/complete.json): failed to open stream: Permission denied in D:\Dropbox\laragon\www\the-division-2-map\includes\write_complete.php on line 28
[13-May-2019 20:00:07 Europe/London] PHP Warning:  fopen(../data/Kraggle/complete.json): failed to open stream: Permission denied in D:\Dropbox\laragon\www\the-division-2-map\includes\write_complete.php on line 28
[13-May-2019 20:00:09 Europe/London] PHP Warning:  fopen(../data/Kraggle/complete.json): failed to open stream: Permission denied in D:\Dropbox\laragon\www\the-division-2-map\includes\write_complete.php on line 28
[13-May-2019 20:00:09 Europe/London] PHP Warning:  fopen(../data/Kraggle/complete.json): failed to open stream: Permission denied in D:\Dropbox\laragon\www\the-division-2-map\includes\write_complete.php on line 28
[13-May-2019 20:00:09 Europe/London] PHP Warning:  fopen(../data/Kraggle/complete.json): failed to open stream: Permission denied in D:\Dropbox\laragon\www\the-division-2-map\includes\write_complete.php on line 28
[13-May-2019 20:00:15 Europe/London] PHP Warning:  fopen(../data/Kraggle/complete.json): failed to open stream: Permission denied in D:\Dropbox\laragon\www\the-division-2-map\includes\write_complete.php on line 28
[13-May-2019 20:00:19 Europe/London] PHP Warning:  fopen(../data/Kraggle/complete.json): failed to open stream: Permission denied in D:\Dropbox\laragon\www\the-division-2-map\includes\write_complete.php on line 28
[13-May-2019 20:00:28 Europe/London] PHP Warning:  fopen(../data/Kraggle/complete.json): failed to open stream: Permission denied in D:\Dropbox\laragon\www\the-division-2-map\includes\write_complete.php on line 28
[13-May-2019 20:00:29 Europe/London] PHP Warning:  fopen(../data/Kraggle/complete.json): failed to open stream: Permission denied in D:\Dropbox\laragon\www\the-division-2-map\includes\write_complete.php on line 28
[13-May-2019 20:00:35 Europe/London] PHP Warning:  fopen(../data/Kraggle/complete.json): failed to open stream: Permission denied in D:\Dropbox\laragon\www\the-division-2-map\includes\write_complete.php on line 28
[13-May-2019 21:18:48 Europe/London] PHP Warning:  fopen(../data/Kraggle/complete.json): failed to open stream: Permission denied in D:\Dropbox\laragon\www\the-division-2-map\includes\write_complete.php on line 28
[13-May-2019 21:18:53 Europe/London] PHP Warning:  fopen(../data/Kraggle/complete.json): failed to open stream: Permission denied in D:\Dropbox\laragon\www\the-division-2-map\includes\write_complete.php on line 28
[13-May-2019 21:19:00 Europe/London] PHP Warning:  fopen(../data/Kraggle/complete.json): failed to open stream: Permission denied in D:\Dropbox\laragon\www\the-division-2-map\includes\write_complete.php on line 28
[13-May-2019 21:19:01 Europe/London] PHP Warning:  fopen(../data/Kraggle/complete.json): failed to open stream: Permission denied in D:\Dropbox\laragon\www\the-division-2-map\includes\write_complete.php on line 28
[13-May-2019 21:19:01 Europe/London] PHP Warning:  fopen(../data/Kraggle/complete.json): failed to open stream: Permission denied in D:\Dropbox\laragon\www\the-division-2-map\includes\write_complete.php on line 28
[13-May-2019 21:19:04 Europe/London] PHP Warning:  fopen(../data/Kraggle/complete.json): failed to open stream: Permission denied in D:\Dropbox\laragon\www\the-division-2-map\includes\write_complete.php on line 28
[13-May-2019 21:21:13 Europe/London] PHP Warning:  fopen(../data/Kraggle/complete.json): failed to open stream: Permission denied in D:\Dropbox\laragon\www\the-division-2-map\includes\write_complete.php on line 28
[13-May-2019 21:24:43 Europe/London] PHP Warning:  fopen(../data/Kraggle/complete.json): failed to open stream: Permission denied in D:\Dropbox\laragon\www\the-division-2-map\includes\write_complete.php on line 28
[13-May-2019 21:24:46 Europe/London] PHP Warning:  fopen(../data/Kraggle/complete.json): failed to open stream: Permission denied in D:\Dropbox\laragon\www\the-division-2-map\includes\write_complete.php on line 28
[13-May-2019 21:26:34 Europe/London] PHP Warning:  fopen(../data/Kraggle/complete.json): failed to open stream: Permission denied in D:\Dropbox\laragon\www\the-division-2-map\includes\write_complete.php on line 28
[13-May-2019 21:27:09 Europe/London] PHP Warning:  fopen(../data/Kraggle/complete.json): failed to open stream: Permission denied in D:\Dropbox\laragon\www\the-division-2-map\includes\write_complete.php on line 28
[13-May-2019 21:27:09 Europe/London] PHP Warning:  fopen(../data/Kraggle/complete.json): failed to open stream: Permission denied in D:\Dropbox\laragon\www\the-division-2-map\includes\write_complete.php on line 28
[13-May-2019 21:27:09 Europe/London] PHP Warning:  fopen(../data/Kraggle/complete.json): failed to open stream: Permission denied in D:\Dropbox\laragon\www\the-division-2-map\includes\write_complete.php on line 28
[13-May-2019 21:27:26 Europe/London] PHP Warning:  fopen(../data/Kraggle/complete.json): failed to open stream: Permission denied in D:\Dropbox\laragon\www\the-division-2-map\includes\write_complete.php on line 28
[13-May-2019 21:27:42 Europe/London] PHP Warning:  fopen(../data/Kraggle/complete.json): failed to open stream: Permission denied in D:\Dropbox\laragon\www\the-division-2-map\includes\write_complete.php on line 28
[13-May-2019 21:27:49 Europe/London] PHP Warning:  fopen(../data/Kraggle/complete.json): failed to open stream: Permission denied in D:\Dropbox\laragon\www\the-division-2-map\includes\write_complete.php on line 28
[13-May-2019 21:27:52 Europe/London] PHP Warning:  fopen(../data/Kraggle/complete.json): failed to open stream: Permission denied in D:\Dropbox\laragon\www\the-division-2-map\includes\write_complete.php on line 28
[13-May-2019 21:27:52 Europe/London] PHP Warning:  fopen(../data/Kraggle/complete.json): failed to open stream: Permission denied in D:\Dropbox\laragon\www\the-division-2-map\includes\write_complete.php on line 28
[13-May-2019 21:29:13 Europe/London] PHP Warning:  fopen(../data/Kraggle/complete.json): failed to open stream: Permission denied in D:\Dropbox\laragon\www\the-division-2-map\includes\write_complete.php on line 28
[13-May-2019 21:30:44 Europe/London] PHP Warning:  fopen(../data/Kraggle/complete.json): failed to open stream: Permission denied in D:\Dropbox\laragon\www\the-division-2-map\includes\write_complete.php on line 28
[13-May-2019 21:30:44 Europe/London] PHP Warning:  fopen(../data/Kraggle/complete.json): failed to open stream: Permission denied in D:\Dropbox\laragon\www\the-division-2-map\includes\write_complete.php on line 28
[13-May-2019 21:30:45 Europe/London] PHP Warning:  fopen(../data/Kraggle/complete.json): failed to open stream: Permission denied in D:\Dropbox\laragon\www\the-division-2-map\includes\write_complete.php on line 28
[13-May-2019 21:30:45 Europe/London] PHP Warning:  fopen(../data/Kraggle/complete.json): failed to open stream: Permission denied in D:\Dropbox\laragon\www\the-division-2-map\includes\write_complete.php on line 28
[13-May-2019 21:30:45 Europe/London] PHP Warning:  fopen(../data/Kraggle/complete.json): failed to open stream: Permission denied in D:\Dropbox\laragon\www\the-division-2-map\includes\write_complete.php on line 28
[13-May-2019 21:31:38 Europe/London] PHP Warning:  fopen(../data/Kraggle/complete.json): failed to open stream: Permission denied in D:\Dropbox\laragon\www\the-division-2-map\includes\write_complete.php on line 28
[13-May-2019 21:31:38 Europe/London] PHP Warning:  fopen(../data/Kraggle/complete.json): failed to open stream: Permission denied in D:\Dropbox\laragon\www\the-division-2-map\includes\write_complete.php on line 28
[13-May-2019 21:33:06 Europe/London] PHP Warning:  fopen(../data/Kraggle/complete.json): failed to open stream: Permission denied in D:\Dropbox\laragon\www\the-division-2-map\includes\write_complete.php on line 28
[13-May-2019 21:33:07 Europe/London] PHP Warning:  fopen(../data/Kraggle/complete.json): failed to open stream: Permission denied in D:\Dropbox\laragon\www\the-division-2-map\includes\write_complete.php on line 28
[13-May-2019 21:37:54 Europe/London] PHP Warning:  fopen(../data/Kraggle/complete.json): failed to open stream: Permission denied in D:\Dropbox\laragon\www\the-division-2-map\includes\write_complete.php on line 28
